IQ-TREE multicore version 2.3.6 for MacOS ARM 64-bit built Aug  4 2024
Developed by Bui Quang Minh, Nguyen Lam Tung, Olga Chernomor, Heiko Schmidt,
Dominik Schrempf, Michael Woodhams, Ly Trong Nhan, Thomas Wong

Host:    SWC-KMARTIEN1-ML.NMFS.LOCAL (SSE4.2, 36 GB RAM)
Command: iqtree -s alignments/aln7_Pcra-Pele.phy -p IQtree/aln7-CDS-rRNA_partition.nex -m MF+MERGE -T AUTO --prefix IQtree/aln.7.CDS-rRNA/aln.7.CDS-rRNA
Seed:    129707 (Using SPRNG - Scalable Parallel Random Number Generator)
Time:    Wed Mar 26 15:24:49 2025
Kernel:  SSE2 - auto-detect threads (12 CPU cores detected)

Reading partition model file IQtree/aln7-CDS-rRNA_partition.nex ...
Reading alignment file alignments/aln7_Pcra-Pele.phy ... Phylip format detected
Alignment most likely contains DNA/RNA sequences
Alignment has 67 sequences with 16400 columns, 206 distinct patterns
132 parsimony-informative, 750 singleton sites, 15518 constant sites
               Gap/Ambiguity  Composition  p-value
Analyzing sequences: done in 5.72205e-05 secs using 89.13% CPU
   1  ON652887_Pele    0.07%    passed     98.03%
   2  Pcra.mito.20     0.12%    passed    100.00%
   3  Pcra.mito.21     0.12%    passed     99.99%
   4  Pcra.mito.63     0.63%    passed     99.86%
   5  Pcra.mito.22     0.12%    passed     99.98%
   6  Pcra.mito.23     0.12%    passed     99.99%
   7  Pcra.mito.24     0.12%    passed     99.99%
   8  Pcra.mito.05     0.12%    passed    100.00%
   9  Pcra.mito.25     0.16%    passed    100.00%
  10  Pcra.mito.67     0.12%    passed    100.00%
  11  Pcra.mito.26     0.12%    passed     99.99%
  12  Pcra.mito.27     0.12%    passed    100.00%
  13  Pcra.mito.04     0.12%    passed    100.00%
  14  Pcra.mito.10     0.10%    passed     99.99%
  15  Pcra.mito.28     0.13%    passed     99.99%
  16  Pcra.mito.29     0.12%    passed     99.99%
  17  Pcra.mito.06     0.12%    passed    100.00%
  18  Pcra.mito.01     0.11%    passed    100.00%
  19  Pcra.mito.30     0.11%    passed     99.99%
  20  Pcra.mito.11     0.14%    passed    100.00%
  21  Pcra.mito.31     0.12%    passed     99.99%
  22  Pcra.mito.12     0.12%    passed    100.00%
  23  Pcra.mito.32     0.11%    passed    100.00%
  24  Pcra.mito.33     0.12%    passed     99.99%
  25  Pcra.mito.60     0.13%    passed    100.00%
  26  Pcra.mito.34     0.12%    passed    100.00%
  27  Pcra.mito.66     0.13%    passed    100.00%
  28  Pcra.mito.35     0.12%    passed     99.99%
  29  Pcra.mito.09     0.11%    passed    100.00%
  30  Pcra.mito.36     0.12%    passed    100.00%
  31  Pcra.mito.37     0.12%    passed    100.00%
  32  Pcra.mito.38     0.12%    passed    100.00%
  33  Pcra.mito.02     0.11%    passed     99.98%
  34  Pcra.mito.39     0.11%    passed     99.96%
  35  Pcra.mito.13     0.12%    passed    100.00%
  36  Pcra.mito.40     0.12%    passed     99.99%
  37  Pcra.mito.41     0.12%    passed     99.98%
  38  Pcra.mito.07     0.12%    passed    100.00%
  39  Pcra.mito.42     0.11%    passed    100.00%
  40  Pcra.mito.43     0.12%    passed     99.99%
  41  Pcra.mito.44     0.12%    passed     99.99%
  42  Pcra.mito.64     0.16%    passed     99.99%
  43  Pcra.mito.65     0.21%    passed     99.98%
  44  Pcra.mito.45     0.35%    passed     99.96%
  45  Pcra.mito.08     0.11%    passed    100.00%
  46  Pcra.mito.46     0.11%    passed     99.99%
  47  Pcra.mito.14     0.10%    passed     99.98%
  48  Pcra.mito.15     0.10%    passed     99.95%
  49  Pcra.mito.59     0.18%    passed    100.00%
  50  Pcra.mito.47     0.11%    passed    100.00%
  51  Pcra.mito.16     0.12%    passed    100.00%
  52  Pcra.mito.48     0.12%    passed     99.99%
  53  Pcra.mito.49     0.12%    passed    100.00%
  54  Pcra.mito.50     0.11%    passed     99.99%
  55  Pcra.mito.51     0.12%    passed    100.00%
  56  Pcra.mito.17     0.11%    passed    100.00%
  57  Pcra.mito.61     0.14%    passed    100.00%
  58  Pcra.mito.18     0.12%    passed    100.00%
  59  Pcra.mito.52     0.12%    passed    100.00%
  60  Pcra.mito.53     0.11%    passed     99.98%
  61  Pcra.mito.54     0.11%    passed    100.00%
  62  Pcra.mito.55     0.12%    passed     99.98%
  63  Pcra.mito.56     0.11%    passed     99.99%
  64  Pcra.mito.57     0.11%    passed     99.99%
  65  Pcra.mito.03     0.12%    passed     99.99%
  66  Pcra.mito.58     0.12%    passed    100.00%
  67  Pcra.mito.19     0.10%    passed     99.98%
****  TOTAL            0.13%  0 sequences failed composition chi2 test (p-value<5%; df=3)
NOTE: No CharPartition defined, use all CharSets

Loading 41 partitions...
Subset	Type	Seqs	Sites	Infor	Invar	Model	Name
1		67	975	2	958	MF+MERGE	12S_rRNA
2		67	1581	2	1552	MF+MERGE	16S_rRNA
3		67	319	3	306	MF+MERGE	ND1_pos1
4		67	347	2	332	MF+MERGE	ND2_pos1
5		67	516	2	506	MF+MERGE	COX1_pos1
6		67	228	0	223	MF+MERGE	COX2_pos1
WARNING: No parsimony-informative sites in partition COX2_pos1
7		67	53	0	51	MF+MERGE	ATP8_pos1
WARNING: No parsimony-informative sites in partition ATP8_pos1
8		67	226	1	216	MF+MERGE	ATP6_pos1
9		67	262	2	253	MF+MERGE	COX3_pos1
10		67	119	0	111	MF+MERGE	ND3_pos1
WARNING: No parsimony-informative sites in partition ND3_pos1
11		67	96	2	93	MF+MERGE	ND4L_pos1
12		67	475	2	457	MF+MERGE	ND4_pos1
13		67	607	4	582	MF+MERGE	ND5_pos1
14		67	170	0	165	MF+MERGE	ND6_pos3
WARNING: No parsimony-informative sites in partition ND6_pos3
15		67	380	2	361	MF+MERGE	CYTB_pos1
16		67	319	3	306	MF+MERGE	ND1_pos2
17		67	347	1	337	MF+MERGE	ND2_pos2
18		67	516	0	514	MF+MERGE	COX1_pos2
WARNING: No parsimony-informative sites in partition COX1_pos2
19		67	228	2	223	MF+MERGE	COX2_pos2
20		67	53	0	51	MF+MERGE	ATP8_pos2
WARNING: No parsimony-informative sites in partition ATP8_pos2
21		67	226	0	215	MF+MERGE	ATP6_pos2
WARNING: No parsimony-informative sites in partition ATP6_pos2
22		67	262	3	258	MF+MERGE	COX3_pos2
23		67	119	0	117	MF+MERGE	ND3_pos2
WARNING: No parsimony-informative sites in partition ND3_pos2
24		67	96	1	94	MF+MERGE	ND4L_pos2
25		67	475	1	469	MF+MERGE	ND4_pos2
26		67	607	3	594	MF+MERGE	ND5_pos2
27		67	170	3	146	MF+MERGE	ND6_pos2
28		67	380	1	375	MF+MERGE	CYTB_pos2
29		67	319	3	306	MF+MERGE	ND1_pos3
30		67	347	4	308	MF+MERGE	ND2_pos3
31		67	516	7	464	MF+MERGE	COX1_pos3
32		67	228	4	193	MF+MERGE	COX2_pos3
33		67	53	2	47	MF+MERGE	ATP8_pos3
34		67	226	4	184	MF+MERGE	ATP6_pos3
35		67	262	2	229	MF+MERGE	COX3_pos3
36		67	119	4	104	MF+MERGE	ND3_pos3
37		67	96	2	87	MF+MERGE	ND4L_pos3
38		67	475	5	422	MF+MERGE	ND4_pos3
39		67	607	15	505	MF+MERGE	ND5_pos3
40		67	170	0	169	MF+MERGE	ND6_pos1
WARNING: No parsimony-informative sites in partition ND6_pos1
41		67	380	6	328	MF+MERGE	CYTB_pos3
Degree of missing data: 0.000
Info: multi-threading strategy over partitions

NOTE: Pcra.mito.31 is identical to Pcra.mito.26 but kept for subsequent analysis
NOTE: Pcra.mito.42 is identical to Pcra.mito.01 but kept for subsequent analysis
NOTE: Pcra.mito.49 is identical to Pcra.mito.37 but kept for subsequent analysis
NOTE: Pcra.mito.39 is identical to Pcra.mito.02 but kept for subsequent analysis
NOTE: Pcra.mito.03 is identical to Pcra.mito.56 but kept for subsequent analysis


Create initial parsimony tree by phylogenetic likelihood library (PLL)... 0.003 seconds
Measuring multi-threading efficiency up to 12 CPU cores
Increase to 10 rounds for branch lengths
220 trees examined
Threads: 1 / Time: 12.065 sec / Speedup: 1.000 / Efficiency: 100% / LogL: -24616
Threads: 2 / Time: 8.043 sec / Speedup: 1.500 / Efficiency: 75% / LogL: -24616
Threads: 3 / Time: 8.607 sec / Speedup: 1.402 / Efficiency: 47% / LogL: -24616
BEST NUMBER OF THREADS: 2

Perform fast likelihood tree search using GTR+I+G model...
Estimate model parameters (epsilon = 5.000)
Initial log-likelihood: -22533.911
Current log-likelihood at step 1: -21407.922
Current log-likelihood at step 2: -21365.104
Current log-likelihood at step 3: -21361.591
Parameters optimization took 2 rounds (0.284 sec)


WARNING: Estimated model parameters are at boundary that can cause numerical instability!

Perform nearest neighbor interchange...
Estimate model parameters (epsilon = 1.000)
Initial log-likelihood: -21361.584
Current log-likelihood at step 1: -21359.112
Current log-likelihood at step 2: -21356.509
Current log-likelihood at step 3: -21354.064
Current log-likelihood at step 4: -21348.554
Current log-likelihood at step 5: -21346.767
Current log-likelihood at step 6: -21343.179
Current log-likelihood at step 7: -21341.193
Current log-likelihood at step 8: -21340.614
Partition-specific rates:  0.303 0.327 0.593 0.642 0.331 0.310 0.647 0.994 0.669 1.014 2.101 0.557 0.774 0.426 0.829 0.593 0.411 0.086 0.480 0.550 0.707 0.227 0.260 0.296 0.242 0.304 2.496 0.197 0.593 2.174 1.730 3.191 3.636 3.425 2.274 5.510 1.793 1.913 3.456 0.086 2.735
Parameters optimization took 7 rounds (0.466 sec)


WARNING: Estimated model parameters are at boundary that can cause numerical instability!

Time for fast ML tree search: 0.871 seconds

NOTE: ModelFinder requires 1 MB RAM!

PartitionFinder's parameters:
Fast Relaxed Algorithm
Percentage: 10.000
Maximum pairs: 410

Selecting individual models for 41 charsets using BIC...
Full partition model BIC score: 48216.687 (LnL: -21336.034  df:581)
Merging models to increase model fit (about 207 total partition schemes)...
19 compatible better partition pairs found
ModelFinder2	Fast Relaxed Algorithm	Step 1	103 Subsets	BIC 46441.334	deltaBIC -1775.353
8 compatible better partition pairs found
ModelFinder2	Fast Relaxed Algorithm	Step 2	29 Subsets	BIC 45719.584	deltaBIC -721.750
5 compatible better partition pairs found
ModelFinder2	Fast Relaxed Algorithm	Step 3	12 Subsets	BIC 45282.538	deltaBIC -437.046
2 compatible better partition pairs found
ModelFinder2	Fast Relaxed Algorithm	Step 4	6 Subsets	BIC 45126.770	deltaBIC -155.768
ModelFinder2	Fast Relaxed Algorithm	Step 5	2 Subsets	BIC 45114.177	deltaBIC -12.594
2 compatible better partition pairs found
ModelFinder2	Fast Relaxed Algorithm	Step 6	2 Subsets	BIC 45033.539	deltaBIC -80.638
ModelFinder2	Fast Relaxed Algorithm	Step 7	2 Subsets	BIC 44938.225	deltaBIC -95.314
ModelFinder2	Fast Relaxed Algorithm	Step 8	0 Subsets	BIC 44938.225	deltaBIC 0.000
Merging into 3 partitions...

No. Model        Score       Charset
+R3 reinitialized from +R2 with factor 0.500
   1 HKY+F        9592.990    ND6_pos3+ND2_pos2+COX1_pos2+COX2_pos2+COX3_pos2+ND3_pos2+ND4L_pos2+ND4_pos2+ND5_pos2+CYTB_pos2+ND6_pos1	0h:0m:1s (0h:0m:0s left)
   2 TN+F+I       22404.439   12S_rRNA+16S_rRNA+ND1_pos1+ND2_pos1+COX1_pos1+COX2_pos1+ATP8_pos1+ATP6_pos1+COX3_pos1+ND3_pos1+ND4L_pos1+ND4_pos1+ND5_pos1+CYTB_pos1+ND1_pos2+ATP8_pos2+ATP6_pos2+ND1_pos3+ND4L_pos3	0h:0m:2s (0h:0m:0s left)
   3 TN+F         11543.681   ND6_pos2+ND2_pos3+COX1_pos3+COX2_pos3+ATP8_pos3+ATP6_pos3+COX3_pos3+ND3_pos3+ND4_pos3+ND5_pos3+CYTB_pos3	0h:0m:2s (0h:0m:0s left)
Best partition model BIC score: 44801.966 (LnL: -21694.784  df:148)
Partition information was printed to IQtree/aln.7.CDS-rRNA/aln.7.CDS-rRNA.best_scheme.nex
Partition information in Raxml format was printed to IQtree/aln.7.CDS-rRNA/aln.7.CDS-rRNA.best_scheme

All model information printed to IQtree/aln.7.CDS-rRNA/aln.7.CDS-rRNA.model.gz
CPU time for ModelFinder: 46.834 seconds (0h:0m:46s)
Wall-clock time for ModelFinder: 32.376 seconds (0h:0m:32s)

NOTE: 0 MB RAM (0 GB) is required!
WARNING: Number of threads seems too high for short alignments. Use -T AUTO to determine best number of threads.
Estimate model parameters (epsilon = 0.010)
Initial log-likelihood: -22530.362
Current log-likelihood at step 1: -21693.401
Current log-likelihood at step 2: -21693.319
Current log-likelihood at step 3: -21693.309
Current log-likelihood at step 4: -21693.305
Partition-specific rates:  0.643 0.258 2.500
Parameters optimization took 3 rounds (0.019 sec)


WARNING: Estimated model parameters are at boundary that can cause numerical instability!

Wrote distance file to... 
Partition information was printed to IQtree/aln.7.CDS-rRNA/aln.7.CDS-rRNA.best_model.nex
BEST SCORE FOUND : -21693.305
Total tree length: 0.066

Total number of iterations: 0
CPU time used for tree search: 0.000 sec (0h:0m:0s)
Wall-clock time used for tree search: 0.000 sec (0h:0m:0s)
Total CPU time used: 46.860 sec (0h:0m:46s)
Total wall-clock time used: 32.398 sec (0h:0m:32s)

Analysis results written to: 
  IQ-TREE report:                IQtree/aln.7.CDS-rRNA/aln.7.CDS-rRNA.iqtree
  Tree used for ModelFinder:     IQtree/aln.7.CDS-rRNA/aln.7.CDS-rRNA.treefile
  Best partitioning scheme:      IQtree/aln.7.CDS-rRNA/aln.7.CDS-rRNA.best_scheme.nex
           in RAxML format:      IQtree/aln.7.CDS-rRNA/aln.7.CDS-rRNA.best_scheme
  Screen log file:               IQtree/aln.7.CDS-rRNA/aln.7.CDS-rRNA.log

Date and Time: Wed Mar 26 15:25:21 2025
