IQ-TREE multicore version 2.3.6 for MacOS ARM 64-bit built Aug  4 2024
Developed by Bui Quang Minh, Nguyen Lam Tung, Olga Chernomor, Heiko Schmidt,
Dominik Schrempf, Michael Woodhams, Ly Trong Nhan, Thomas Wong

Host:    SWC-KMARTIEN1-ML.NMFS.LOCAL (SSE4.2, 36 GB RAM)
Command: iqtree -s alignments/aln6_2Pcra.phy -p IQtree/aln6.CDS.best.nex -B 1000 -T AUTO --prefix IQtree/aln.6.CDS.best/aln.6.CDS.best
Seed:    700930 (Using SPRNG - Scalable Parallel Random Number Generator)
Time:    Wed Sep  4 14:29:34 2024
Kernel:  SSE2 - auto-detect threads (12 CPU cores detected)

Reading partition model file IQtree/aln6.CDS.best.nex ...
Reading alignment file alignments/aln6_2Pcra.phy ... Phylip format detected
Alignment most likely contains DNA/RNA sequences
WARNING: 3 sites contain only gaps or ambiguous characters.
Alignment has 27 sequences with 16429 columns, 2403 distinct patterns
2689 parsimony-informative, 1503 singleton sites, 12237 constant sites
                     Gap/Ambiguity  Composition  p-value
Analyzing sequences: done in 8.29697e-05 secs using 277.2% CPU
   1  Pcra.mito.66           0.30%    passed     84.18%
   2  Pcra.mito.55           0.29%    passed     82.45%
   3  JN632624_Chea          0.35%    passed     50.78%
   4  MH992390_Lobl          0.23%    passed     91.58%
   5  NC_042761_Sbre         0.26%    passed     98.72%
   6  MH000365_Ddel          0.26%    passed     81.69%
   7  NC_060611_Scly         0.27%    passed     78.76%
   8  MT410956_Scoe          0.26%    passed     94.40%
   9  NC_060612_Sfro         0.26%    passed     88.34%
  10  EU557092_Tadu          0.27%    passed     70.81%
  11  NC_012059_Ttru         0.25%    passed     95.56%
  12  KX857383_Slon          0.26%    passed     58.34%
  13  NC_012057_Schi         0.25%    passed     99.86%
  14  NC_045404_Steu         0.27%    passed     99.97%
  15  MG599457_Lhos          0.24%    passed     81.40%
  16  KX857264_Satt          0.35%    passed     98.20%
  17  JF289171_Fatt          0.26%    passed     83.96%
  18  ON652887_Pele          0.24%    passed     71.97%
  19  MK790767_Gmac_Shiho    0.24%    passed     98.60%
  20  MK790780_Gmac_Naisa    0.24%    passed     98.89%
  21  NC_083222_Gmel         0.24%    passed     97.69%
  22  NC_012062_Ggri         0.26%    passed     95.57%
  23  NC_019590_Obre         0.29%    passed     96.14%
  24  PP829132_Ohei          0.23%    passed     98.33%
  25  MT410901_Lalb          0.22%    passed     83.81%
  26  NC_050265_Lacu         0.27%    passed     95.57%
  27  KF418381_Oorc          0.26%    passed     14.04%
****  TOTAL                  0.26%  0 sequences failed composition chi2 test (p-value<5%; df=3)

Loading 8 partitions...
Subset	Type	Seqs	Sites	Infor	Invar	Model	Name
1	DNA	27	2682	321	2156	TN+F+I+G4	ND1_pos1_ND2_pos1_ATP8_pos1_ATP6_pos1_ND3_pos1_ND4_pos1_ND5_pos1_ND6_pos1_CYTB_pos1
2	DNA	27	3331	98	3134	HKY+F+I+G4	ND1_pos2_ND2_pos2_COX1_pos2_COX2_pos2_COX3_pos2_ND3_pos2_ND4L_pos2_ND4_pos2_ND5_pos2_CYTB_pos2
3	DNA	27	2754	1230	996	TIM2+F+I+G4	ND1_pos3_ND2_pos3_COX3_pos3_ND3_pos3_ND4L_pos3_ND4_pos3_ND5_pos3_ND6_pos3_CYTB_pos3
4	DNA	27	687	37	627	HKY+F+I	COX1_pos1_ND6_pos2
5	DNA	27	1024	436	384	TN+F+G4	COX1_pos3_COX2_pos3_ATP8_pos3_ATP6_pos3
6	DNA	27	3056	243	2619	TIM+F+I+G4	COX2_pos1_COX3_pos1_12S_rRNA_16S_rRNA
7	DNA	27	281	22	240	TN+F+I	ATP8_pos2_ATP6_pos2
8	DNA	27	97	14	73	TNe+G4	ND4L_pos1
Degree of missing data: 0.000
Info: multi-threading strategy over partitions


Create initial parsimony tree by phylogenetic likelihood library (PLL)... 0.003 seconds
Generating 1000 samples for ultrafast bootstrap (seed: 700930)...

NOTE: 19 MB RAM (0 GB) is required!
Measuring multi-threading efficiency up to 12 CPU cores
Increase to 10 rounds for branch lengths
164 trees examined
Threads: 1 / Time: 12.063 sec / Speedup: 1.000 / Efficiency: 100% / LogL: -79405
Threads: 2 / Time: 8.991 sec / Speedup: 1.342 / Efficiency: 67% / LogL: -79405
Threads: 3 / Time: 7.713 sec / Speedup: 1.564 / Efficiency: 52% / LogL: -79405
Threads: 4 / Time: 7.934 sec / Speedup: 1.520 / Efficiency: 38% / LogL: -79405
BEST NUMBER OF THREADS: 3

Estimate model parameters (epsilon = 0.100)
Initial log-likelihood: -65266.388
Current log-likelihood at step 1: -55144.613
Current log-likelihood at step 2: -54112.823
Current log-likelihood at step 3: -54085.833
Current log-likelihood at step 4: -54063.716
Current log-likelihood at step 5: -54040.978
Current log-likelihood at step 6: -54017.660
Current log-likelihood at step 7: -53886.191
Current log-likelihood at step 8: -53885.604
Current log-likelihood at step 9: -53885.029
Current log-likelihood at step 10: -53884.467
Current log-likelihood at step 11: -53883.914
Current log-likelihood at step 12: -53883.365
Current log-likelihood at step 13: -53882.826
Current log-likelihood at step 14: -53882.294
Current log-likelihood at step 15: -53881.769
Current log-likelihood at step 16: -53881.251
Current log-likelihood at step 17: -53880.739
Current log-likelihood at step 18: -53880.235
Current log-likelihood at step 19: -53879.735
Current log-likelihood at step 20: -53879.244
Current log-likelihood at step 21: -53878.758
Current log-likelihood at step 22: -53878.280
Current log-likelihood at step 23: -53877.807
Current log-likelihood at step 24: -53877.342
Current log-likelihood at step 25: -53876.884
Current log-likelihood at step 26: -53876.434
Current log-likelihood at step 27: -53875.989
Current log-likelihood at step 28: -53875.552
Current log-likelihood at step 29: -53875.121
Current log-likelihood at step 30: -53874.698
Current log-likelihood at step 31: -53874.281
Current log-likelihood at step 32: -53873.873
Current log-likelihood at step 33: -53873.471
Current log-likelihood at step 34: -53873.076
Current log-likelihood at step 35: -53872.689
Current log-likelihood at step 36: -53872.310
Current log-likelihood at step 37: -53871.937
Current log-likelihood at step 38: -53871.572
Current log-likelihood at step 39: -53871.213
Current log-likelihood at step 40: -53870.864
Current log-likelihood at step 41: -53870.521
Current log-likelihood at step 42: -53870.186
Current log-likelihood at step 43: -53869.858
Current log-likelihood at step 44: -53869.538
Current log-likelihood at step 45: -53869.225
Current log-likelihood at step 46: -53868.921
Current log-likelihood at step 47: -53868.623
Current log-likelihood at step 48: -53868.333
Current log-likelihood at step 49: -53868.050
Current log-likelihood at step 50: -53867.775
Current log-likelihood at step 51: -53867.506
Current log-likelihood at step 52: -53867.245
Current log-likelihood at step 53: -53866.991
Current log-likelihood at step 54: -53866.744
Current log-likelihood at step 55: -53866.503
Current log-likelihood at step 56: -53866.270
Current log-likelihood at step 57: -53866.043
Current log-likelihood at step 58: -53865.823
Current log-likelihood at step 59: -53865.610
Current log-likelihood at step 60: -53865.403
Current log-likelihood at step 61: -53865.202
Current log-likelihood at step 62: -53865.007
Current log-likelihood at step 63: -53864.819
Current log-likelihood at step 64: -53864.636
Current log-likelihood at step 65: -53864.460
Current log-likelihood at step 66: -53864.289
Current log-likelihood at step 67: -53864.124
Current log-likelihood at step 68: -53863.964
Current log-likelihood at step 69: -53863.809
Current log-likelihood at step 70: -53863.660
Current log-likelihood at step 71: -53863.515
Current log-likelihood at step 72: -53863.376
Current log-likelihood at step 73: -53863.241
Current log-likelihood at step 74: -53863.112
Current log-likelihood at step 75: -53862.986
Current log-likelihood at step 76: -53862.865
Current log-likelihood at step 77: -53862.748
Current log-likelihood at step 78: -53862.636
Current log-likelihood at step 79: -53862.527
Current log-likelihood at step 80: -53862.422
Current log-likelihood at step 81: -53862.320
Current log-likelihood at step 82: -53862.222
Partition-specific rates:  0.604 0.140 2.809 0.232 2.390 0.409 0.479 1.032
Parameters optimization took 81 rounds (1.659 sec)


WARNING: Estimated model parameters are at boundary that can cause numerical instability!

Wrote distance file to... 
Computing ML distances based on estimated model parameters...
Calculating distance matrix: done in 3.91006e-05 secs using 179% CPU
Computing ML distances took 0.000089 sec (of wall-clock time) 0.000094 sec (of CPU time)
Setting up auxiliary I and S matrices: done in 3.60012e-05 secs using 136.1% CPU
Computing RapidNJ tree took 0.000814 sec (of wall-clock time) 0.000438 sec (of CPU time)
Log-likelihood of RapidNJ tree: -61173.044
--------------------------------------------------------------------
|             INITIALIZING CANDIDATE TREE SET                      |
--------------------------------------------------------------------
Generating 98 parsimony trees... 0.338 second
Computing log-likelihood of 98 initial trees ... 0.645 seconds
Current best score: -53862.222

Do NNI search on 20 best initial trees
Estimate model parameters (epsilon = 0.100)
Initial log-likelihood: -53862.222
Current log-likelihood at step 1: -53862.128
Parameters optimization took 0 rounds (0.018 sec)


WARNING: Estimated model parameters are at boundary that can cause numerical instability!

BETTER TREE FOUND at iteration 1: -53862.128
Iteration 10 / LogL: -53862.359 / Time: 0h:0m:40s
Iteration 20 / LogL: -53862.134 / Time: 0h:0m:41s
Finish initializing candidate tree set (2)
Current best tree score: -53862.128 / CPU time: 3.377
Number of iterations: 20
--------------------------------------------------------------------
|               OPTIMIZING CANDIDATE TREE SET                      |
--------------------------------------------------------------------
Iteration 30 / LogL: -53862.152 / Time: 0h:0m:43s (0h:1m:45s left)
Iteration 40 / LogL: -53862.138 / Time: 0h:0m:44s (0h:1m:9s left)
Iteration 50 / LogL: -53862.136 / Time: 0h:0m:45s (0h:0m:47s left)
Log-likelihood cutoff on original alignment: -53908.114
Iteration 60 / LogL: -53862.128 / Time: 0h:0m:47s (0h:0m:32s left)
Iteration 70 / LogL: -53862.149 / Time: 0h:0m:48s (0h:0m:21s left)
Iteration 80 / LogL: -53862.133 / Time: 0h:0m:49s (0h:0m:13s left)
Iteration 90 / LogL: -53862.136 / Time: 0h:0m:51s (0h:0m:6s left)
Iteration 100 / LogL: -53862.138 / Time: 0h:0m:52s (0h:0m:0s left)
Log-likelihood cutoff on original alignment: -53908.114
NOTE: Bootstrap correlation coefficient of split occurrence frequencies: 1.000
TREE SEARCH COMPLETED AFTER 102 ITERATIONS / Time: 0h:0m:53s

--------------------------------------------------------------------
|                    FINALIZING TREE SEARCH                        |
--------------------------------------------------------------------
Performs final model parameters optimization
Estimate model parameters (epsilon = 0.010)
Initial log-likelihood: -53862.128
Current log-likelihood at step 1: -53862.037
Current log-likelihood at step 2: -53861.948
Current log-likelihood at step 3: -53861.863
Current log-likelihood at step 4: -53861.781
Current log-likelihood at step 5: -53861.701
Current log-likelihood at step 6: -53861.624
Current log-likelihood at step 7: -53861.549
Current log-likelihood at step 8: -53861.477
Current log-likelihood at step 9: -53861.408
Current log-likelihood at step 10: -53861.340
Current log-likelihood at step 11: -53861.274
Current log-likelihood at step 12: -53861.211
Current log-likelihood at step 13: -53861.149
Current log-likelihood at step 14: -53861.089
Current log-likelihood at step 15: -53861.031
Current log-likelihood at step 16: -53860.974
Current log-likelihood at step 17: -53860.919
Current log-likelihood at step 18: -53860.866
Current log-likelihood at step 19: -53860.814
Current log-likelihood at step 20: -53860.763
Current log-likelihood at step 21: -53860.713
Current log-likelihood at step 22: -53860.665
Current log-likelihood at step 23: -53860.617
Current log-likelihood at step 24: -53860.571
Current log-likelihood at step 25: -53860.526
Current log-likelihood at step 26: -53860.481
Current log-likelihood at step 27: -53860.438
Current log-likelihood at step 28: -53860.395
Current log-likelihood at step 29: -53860.353
Current log-likelihood at step 30: -53860.312
Current log-likelihood at step 31: -53860.271
Current log-likelihood at step 32: -53860.231
Current log-likelihood at step 33: -53860.192
Current log-likelihood at step 34: -53860.153
Current log-likelihood at step 35: -53860.115
Current log-likelihood at step 36: -53860.077
Current log-likelihood at step 37: -53860.040
Current log-likelihood at step 38: -53860.004
Current log-likelihood at step 39: -53859.968
Current log-likelihood at step 40: -53859.932
Current log-likelihood at step 41: -53859.897
Current log-likelihood at step 42: -53859.862
Current log-likelihood at step 43: -53859.828
Current log-likelihood at step 44: -53859.794
Current log-likelihood at step 45: -53859.760
Current log-likelihood at step 46: -53859.726
Current log-likelihood at step 47: -53859.693
Current log-likelihood at step 48: -53859.660
Current log-likelihood at step 49: -53859.627
Current log-likelihood at step 50: -53859.594
Current log-likelihood at step 51: -53859.562
Current log-likelihood at step 52: -53859.530
Current log-likelihood at step 53: -53859.498
Current log-likelihood at step 54: -53859.466
Current log-likelihood at step 55: -53859.434
Current log-likelihood at step 56: -53859.403
Current log-likelihood at step 57: -53859.371
Current log-likelihood at step 58: -53859.340
Current log-likelihood at step 59: -53859.309
Current log-likelihood at step 60: -53859.278
Current log-likelihood at step 61: -53859.247
Current log-likelihood at step 62: -53859.216
Current log-likelihood at step 63: -53859.185
Current log-likelihood at step 64: -53859.154
Current log-likelihood at step 65: -53859.123
Current log-likelihood at step 66: -53859.092
Current log-likelihood at step 67: -53859.062
Current log-likelihood at step 68: -53859.031
Current log-likelihood at step 69: -53859.000
Current log-likelihood at step 70: -53858.970
Current log-likelihood at step 71: -53858.939
Current log-likelihood at step 72: -53858.909
Current log-likelihood at step 73: -53858.878
Current log-likelihood at step 74: -53858.847
Current log-likelihood at step 75: -53858.817
Current log-likelihood at step 76: -53858.786
Current log-likelihood at step 77: -53858.756
Current log-likelihood at step 78: -53858.725
Current log-likelihood at step 79: -53858.695
Current log-likelihood at step 80: -53858.664
Current log-likelihood at step 81: -53858.633
Current log-likelihood at step 82: -53858.602
Current log-likelihood at step 83: -53858.572
Current log-likelihood at step 84: -53858.541
Current log-likelihood at step 85: -53858.510
Current log-likelihood at step 86: -53858.480
Current log-likelihood at step 87: -53858.449
Current log-likelihood at step 88: -53858.418
Current log-likelihood at step 89: -53858.387
Current log-likelihood at step 90: -53858.356
Current log-likelihood at step 91: -53858.326
Current log-likelihood at step 92: -53858.295
Current log-likelihood at step 93: -53858.264
Current log-likelihood at step 94: -53858.233
Current log-likelihood at step 95: -53858.202
Current log-likelihood at step 96: -53858.170
Current log-likelihood at step 97: -53858.139
Current log-likelihood at step 98: -53858.108
Current log-likelihood at step 99: -53858.077
Partition-specific rates:  0.603 0.138 2.812 0.232 2.393 0.407 0.479 1.033
Parameters optimization took 99 rounds (1.823 sec)


WARNING: Estimated model parameters are at boundary that can cause numerical instability!

Partition information was printed to IQtree/aln.6.CDS.best/aln.6.CDS.best.best_model.nex
BEST SCORE FOUND : -53858.077
Creating bootstrap support values...
Split supports printed to NEXUS file IQtree/aln.6.CDS.best/aln.6.CDS.best.splits.nex
Total tree length: 0.769

Total number of iterations: 102
CPU time used for tree search: 28.893 sec (0h:0m:28s)
Wall-clock time used for tree search: 14.656 sec (0h:0m:14s)
Total CPU time used: 94.456 sec (0h:1m:34s)
Total wall-clock time used: 54.969 sec (0h:0m:54s)

Computing bootstrap consensus tree...
Reading input file IQtree/aln.6.CDS.best/aln.6.CDS.best.splits.nex...
27 taxa and 95 splits.
Consensus tree written to IQtree/aln.6.CDS.best/aln.6.CDS.best.contree
Reading input trees file IQtree/aln.6.CDS.best/aln.6.CDS.best.contree
Log-likelihood of consensus tree: -53858.077

Analysis results written to: 
  IQ-TREE report:                IQtree/aln.6.CDS.best/aln.6.CDS.best.iqtree
  Maximum-likelihood tree:       IQtree/aln.6.CDS.best/aln.6.CDS.best.treefile
  Likelihood distances:          IQtree/aln.6.CDS.best/aln.6.CDS.best.mldist

Ultrafast bootstrap approximation results written to:
  Split support values:          IQtree/aln.6.CDS.best/aln.6.CDS.best.splits.nex
  Consensus tree:                IQtree/aln.6.CDS.best/aln.6.CDS.best.contree
  Screen log file:               IQtree/aln.6.CDS.best/aln.6.CDS.best.log

Date and Time: Wed Sep  4 14:30:29 2024
